[2026-03-26 15:33:46] [INFO] ============================================================
[2026-03-26 15:33:46] [INFO] Iniciando InterfazCuatroCamaras (Modo Hilos)
[2026-03-26 15:33:46] [DEBUG] OpenCV version: 4.13.0
[2026-03-26 15:33:46] [INFO] ============================================================
[2026-03-26 15:33:47] [INFO] ============================================================
[2026-03-26 15:33:47] [INFO] DETECTAR CAMARAS invocado
[2026-03-26 15:33:47] [INFO] Iniciando deteccion de dispositivos...
[2026-03-26 15:33:47] [DEBUG] Consultando informacion USB...
[2026-03-26 15:33:48] [INFO] Deteccion: 8 candidatos preparados
[2026-03-26 15:33:48] [INFO] Iniciando proeba de Ă­ndices en hilo...
[2026-03-26 15:33:48] [DEBUG] Probando idx 0...
[2026-03-26 15:33:49] [DEBUG] Estado vistas: S0:- | S1:- | S2:- | S3:-
[2026-03-26 15:33:49] [INFO] EXITO: idx 0 con DSHOW
[2026-03-26 15:33:50] [DEBUG] Probando idx 1...
[2026-03-26 15:33:50] [DEBUG] Estado vistas: S0:- | S1:- | S2:- | S3:-
[2026-03-26 15:33:51] [DEBUG] Estado vistas: S0:- | S1:- | S2:- | S3:-
[2026-03-26 15:33:51] [INFO] EXITO: idx 1 con DSHOW
[2026-03-26 15:33:51] [DEBUG] Probando idx 2...
[2026-03-26 15:33:52] [DEBUG] Estado vistas: S0:- | S1:- | S2:- | S3:-
[2026-03-26 15:33:53] [INFO] EXITO: idx 2 con DSHOW
[2026-03-26 15:33:53] [DEBUG] Estado vistas: S0:- | S1:- | S2:- | S3:-
[2026-03-26 15:33:53] [DEBUG] Probando idx 3...
[2026-03-26 15:33:54] [INFO] EXITO: idx 3 con DSHOW
[2026-03-26 15:33:54] [INFO] Prueba completa. Detectados: [0, 1, 2, 3]
[2026-03-26 15:33:54] [INFO] Asignando slot 0 a idx 0...
[2026-03-26 15:33:54] [INFO] Iniciando hilo captura para idx 0...
[2026-03-26 15:33:54] [DEBUG] [Hilo-0] Intentando abrir cĂˇmara...
[2026-03-26 15:33:56] [INFO] [Hilo-0] EXITO con backend DSHOW
[2026-03-26 15:33:56] [DEBUG] [Hilo-0] Iniciando lectura continua de frames
[2026-03-26 15:33:56] [INFO] Hilo idx 0 listo (intentos: 22)
[2026-03-26 15:33:56] [INFO] EXITO: Slot 0 = idx 0
[2026-03-26 15:33:56] [INFO] Asignando slot 1 a idx 1...
[2026-03-26 15:33:56] [INFO] Iniciando hilo captura para idx 1...
[2026-03-26 15:33:56] [DEBUG] [Hilo-1] Intentando abrir cĂˇmara...
[2026-03-26 15:33:59] [ERROR] Hilo idx 1 FALLO tras 30 intentos
[2026-03-26 15:33:59] [INFO] EXITO: Slot 1 = idx 1
[2026-03-26 15:33:59] [INFO] Asignando slot 2 a idx 2...
[2026-03-26 15:33:59] [INFO] Iniciando hilo captura para idx 2...
[2026-03-26 15:33:59] [DEBUG] [Hilo-2] Intentando abrir cĂˇmara...
[2026-03-26 15:34:02] [ERROR] Hilo idx 2 FALLO tras 30 intentos
[2026-03-26 15:34:02] [INFO] EXITO: Slot 2 = idx 2
[2026-03-26 15:34:02] [INFO] Asignando slot 3 a idx 3...
[2026-03-26 15:34:02] [INFO] Iniciando hilo captura para idx 3...
[2026-03-26 15:34:02] [DEBUG] [Hilo-3] Intentando abrir cĂˇmara...
[2026-03-26 15:34:03] [INFO] [Hilo-3] EXITO con backend DSHOW
[2026-03-26 15:34:03] [DEBUG] [Hilo-3] Iniciando lectura continua de frames
[2026-03-26 15:34:04] [INFO] Hilo idx 3 listo (intentos: 18)
[2026-03-26 15:34:04] [INFO] EXITO: Slot 3 = idx 3
[2026-03-26 15:34:04] [DEBUG] Estado vistas: S0:idx0âś“ | S1:idx1âś— | S2:idx2âś— | S3:idx3âś“
[2026-03-26 15:34:05] [DEBUG] Estado vistas: S0:idx0âś“ | S1:idx1âś— | S2:idx2âś— | S3:idx3âś“
[2026-03-26 15:34:07] [DEBUG] Estado vistas: S0:idx0âś“ | S1:idx1âś— | S2:idx2âś— | S3:idx3âś“
[2026-03-26 15:34:08] [DEBUG] Estado vistas: S0:idx0âś“ | S1:idx1âś— | S2:idx2âś— | S3:idx3âś“
[2026-03-26 15:34:09] [DEBUG] Estado vistas: S0:idx0âś“ | S1:idx1âś— | S2:idx2âś— | S3:idx3âś“
[2026-03-26 15:34:10] [DEBUG] Estado vistas: S0:idx0âś“ | S1:idx1âś— | S2:idx2âś— | S3:idx3âś“
[2026-03-26 15:34:11] [DEBUG] Estado vistas: S0:idx0âś“ | S1:idx1âś— | S2:idx2âś— | S3:idx3âś“
[2026-03-26 15:34:11] [INFO] Asignando slot 1 a idx 0...
[2026-03-26 15:34:11] [INFO] EXITO: Slot 1 = idx 0
[2026-03-26 15:34:12] [DEBUG] Estado vistas: S0:idx0âś“ | S1:idx0âś“ | S2:idx2âś— | S3:idx3âś“
[2026-03-26 15:34:13] [DEBUG] Estado vistas: S0:idx0âś“ | S1:idx0âś“ | S2:idx2âś— | S3:idx3âś“
[2026-03-26 15:34:14] [DEBUG] Estado vistas: S0:idx0âś“ | S1:idx0âś“ | S2:idx2âś— | S3:idx3âś“
[2026-03-26 15:34:14] [INFO] Asignando slot 1 a idx 1...
[2026-03-26 15:34:14] [INFO] EXITO: Slot 1 = idx 1
[2026-03-26 15:34:15] [DEBUG] Estado vistas: S0:idx0âś“ | S1:idx1âś— | S2:idx2âś— | S3:idx3âś“
[2026-03-26 15:34:16] [DEBUG] Estado vistas: S0:idx0âś“ | S1:idx1âś— | S2:idx2âś— | S3:idx3âś“
[2026-03-26 15:34:16] [INFO] Asignando slot 1 a idx 2...
[2026-03-26 15:34:16] [INFO] EXITO: Slot 1 = idx 2
[2026-03-26 15:34:17] [DEBUG] Estado vistas: S0:idx0âś“ | S1:idx2âś— | S2:idx2âś— | S3:idx3âś“
[2026-03-26 15:34:18] [DEBUG] Estado vistas: S0:idx0âś“ | S1:idx2âś— | S2:idx2âś— | S3:idx3âś“
[2026-03-26 15:34:18] [INFO] Asignando slot 1 a idx 3...
[2026-03-26 15:34:18] [INFO] EXITO: Slot 1 = idx 3
[2026-03-26 15:34:19] [DEBUG] Estado vistas: S0:idx0âś“ | S1:idx3âś“ | S2:idx2âś— | S3:idx3âś“
[2026-03-26 15:34:20] [DEBUG] Estado vistas: S0:idx0âś“ | S1:idx3âś“ | S2:idx2âś— | S3:idx3âś“
[2026-03-26 15:34:21] [INFO] Asignando slot 1 a idx 4...
[2026-03-26 15:34:21] [INFO] Iniciando hilo captura para idx 4...
[2026-03-26 15:34:21] [DEBUG] [Hilo-4] Intentando abrir cĂˇmara...
[2026-03-26 15:34:22] [INFO] [Hilo-4] EXITO con backend DSHOW
[2026-03-26 15:34:22] [DEBUG] [Hilo-4] Iniciando lectura continua de frames
[2026-03-26 15:34:23] [INFO] Hilo idx 4 listo (intentos: 20)
[2026-03-26 15:34:23] [INFO] EXITO: Slot 1 = idx 4
[2026-03-26 15:34:24] [DEBUG] Estado vistas: S0:idx0âś“ | S1:idx4âś“ | S2:idx2âś— | S3:idx3âś“
[2026-03-26 15:34:25] [DEBUG] Estado vistas: S0:idx0âś“ | S1:idx4âś“ | S2:idx2âś— | S3:idx3âś“
[2026-03-26 15:34:25] [INFO] Asignando slot 1 a idx 5...
[2026-03-26 15:34:25] [INFO] Iniciando hilo captura para idx 5...
[2026-03-26 15:34:25] [DEBUG] [Hilo-5] Intentando abrir cĂˇmara...
[2026-03-26 15:34:25] [INFO] [Hilo-5] EXITO con backend DSHOW
[2026-03-26 15:34:25] [DEBUG] [Hilo-5] Iniciando lectura continua de frames
[2026-03-26 15:34:25] [INFO] Hilo idx 5 listo (intentos: 3)
[2026-03-26 15:34:25] [INFO] EXITO: Slot 1 = idx 5
[2026-03-26 15:34:26] [DEBUG] Estado vistas: S0:idx0âś“ | S1:idx5âś“ | S2:idx2âś— | S3:idx3âś“
[2026-03-26 15:34:26] [INFO] Asignando slot 1 a idx 6...
[2026-03-26 15:34:26] [INFO] Iniciando hilo captura para idx 6...
[2026-03-26 15:34:26] [DEBUG] [Hilo-6] Intentando abrir cĂˇmara...
[2026-03-26 15:34:27] [ERROR] [Hilo-6] FALLO: No se pudo abrir
[2026-03-26 15:34:29] [ERROR] Hilo idx 6 FALLO tras 30 intentos
[2026-03-26 15:34:29] [INFO] EXITO: Slot 1 = idx 6
[2026-03-26 15:34:30] [DEBUG] Estado vistas: S0:idx0âś“ | S1:idx6âś— | S2:idx2âś— | S3:idx3âś“
[2026-03-26 15:34:31] [DEBUG] Estado vistas: S0:idx0âś“ | S1:idx6âś— | S2:idx2âś— | S3:idx3âś“
[2026-03-26 15:34:32] [DEBUG] Estado vistas: S0:idx0âś“ | S1:idx6âś— | S2:idx2âś— | S3:idx3âś“
[2026-03-26 15:34:33] [INFO] Asignando slot 1 a idx 7...
[2026-03-26 15:34:33] [INFO] Iniciando hilo captura para idx 7...
[2026-03-26 15:34:33] [DEBUG] [Hilo-7] Intentando abrir cĂˇmara...
[2026-03-26 15:34:33] [ERROR] [Hilo-7] FALLO: No se pudo abrir
[2026-03-26 15:34:36] [ERROR] Hilo idx 7 FALLO tras 30 intentos
[2026-03-26 15:34:36] [INFO] EXITO: Slot 1 = idx 7
[2026-03-26 15:34:36] [DEBUG] Estado vistas: S0:idx0âś“ | S1:idx7âś— | S2:idx2âś— | S3:idx3âś“
[2026-03-26 15:34:37] [INFO] ============================================================
[2026-03-26 15:34:37] [INFO] DETECTAR CAMARAS invocado
[2026-03-26 15:34:37] [INFO] Iniciando deteccion de dispositivos...
[2026-03-26 15:34:37] [DEBUG] Consultando informacion USB...
[2026-03-26 15:34:38] [INFO] Deteccion: 8 candidatos preparados
[2026-03-26 15:34:38] [INFO] Iniciando proeba de Ă­ndices en hilo...
[2026-03-26 15:34:38] [DEBUG] Probando idx 0...
[2026-03-26 15:34:38] [INFO] EXITO: idx 0 con DSHOW
[2026-03-26 15:34:38] [DEBUG] Estado vistas: S0:idx0âś“ | S1:idx7âś— | S2:idx2âś— | S3:idx3âś“
[2026-03-26 15:34:38] [DEBUG] Probando idx 1...
[2026-03-26 15:34:39] [WARNING] [Hilo-0] Camara desconectada (ret=False)
[2026-03-26 15:34:39] [DEBUG] Estado vistas: S0:idx0âś“ | S1:idx7âś— | S2:idx2âś— | S3:idx3âś“
[2026-03-26 15:34:40] [INFO] EXITO: idx 1 con DSHOW
[2026-03-26 15:34:40] [DEBUG] Probando idx 2...
[2026-03-26 15:34:40] [DEBUG] Estado vistas: S0:idx0âś“ | S1:idx7âś— | S2:idx2âś— | S3:idx3âś“
[2026-03-26 15:34:41] [DEBUG] Estado vistas: S0:idx0âś“ | S1:idx7âś— | S2:idx2âś— | S3:idx3âś“
[2026-03-26 15:34:41] [INFO] EXITO: idx 2 con DSHOW
[2026-03-26 15:34:42] [DEBUG] Probando idx 3...
[2026-03-26 15:34:42] [INFO] EXITO: idx 3 con DSHOW
[2026-03-26 15:34:42] [INFO] Prueba completa. Detectados: [0, 1, 2, 3]
[2026-03-26 15:34:42] [INFO] Asignando slot 0 a idx 0...
[2026-03-26 15:34:42] [INFO] EXITO: Slot 0 = idx 0
[2026-03-26 15:34:42] [DEBUG] Estado vistas: S0:idx0âś“ | S1:idx7âś— | S2:idx2âś— | S3:idx3âś“
[2026-03-26 15:34:43] [INFO] Asignando slot 1 a idx 1...
[2026-03-26 15:34:43] [INFO] EXITO: Slot 1 = idx 1
[2026-03-26 15:34:43] [INFO] Asignando slot 2 a idx 2...
[2026-03-26 15:34:43] [INFO] EXITO: Slot 2 = idx 2
[2026-03-26 15:34:43] [INFO] Asignando slot 3 a idx 3...
[2026-03-26 15:34:43] [INFO] EXITO: Slot 3 = idx 3
[2026-03-26 15:34:43] [WARNING] [Hilo-3] Camara desconectada (ret=False)
[2026-03-26 15:34:43] [DEBUG] Estado vistas: S0:idx0âś“ | S1:idx1âś— | S2:idx2âś— | S3:idx3âś“
[2026-03-26 15:34:44] [DEBUG] Estado vistas: S0:idx0âś“ | S1:idx1âś— | S2:idx2âś— | S3:idx3âś“
[2026-03-26 15:34:46] [DEBUG] Estado vistas: S0:idx0âś“ | S1:idx1âś— | S2:idx2âś— | S3:idx3âś“
[2026-03-26 15:34:47] [DEBUG] Estado vistas: S0:idx0âś“ | S1:idx1âś— | S2:idx2âś— | S3:idx3âś“
[2026-03-26 15:34:48] [DEBUG] Estado vistas: S0:idx0âś“ | S1:idx1âś— | S2:idx2âś— | S3:idx3âś“
[2026-03-26 15:34:49] [DEBUG] Estado vistas: S0:idx0âś“ | S1:idx1âś— | S2:idx2âś— | S3:idx3âś“
[2026-03-26 15:34:50] [DEBUG] Estado vistas: S0:idx0âś“ | S1:idx1âś— | S2:idx2âś— | S3:idx3âś“
[2026-03-26 15:34:51] [DEBUG] Estado vistas: S0:idx0âś“ | S1:idx1âś— | S2:idx2âś— | S3:idx3âś“
[2026-03-26 15:34:52] [DEBUG] Estado vistas: S0:idx0âś“ | S1:idx1âś— | S2:idx2âś— | S3:idx3âś“
[2026-03-26 15:34:53] [DEBUG] Estado vistas: S0:idx0âś“ | S1:idx1âś— | S2:idx2âś— | S3:idx3âś“
[2026-03-26 15:34:53] [INFO] Asignando slot 0 a idx 0...
[2026-03-26 15:34:53] [INFO] EXITO: Slot 0 = idx 0
[2026-03-26 15:34:54] [DEBUG] Estado vistas: S0:idx0âś“ | S1:idx1âś— | S2:idx2âś— | S3:idx3âś“
[2026-03-26 15:34:55] [DEBUG] Estado vistas: S0:idx0âś“ | S1:idx1âś— | S2:idx2âś— | S3:idx3âś“
[2026-03-26 15:34:56] [INFO] Asignando slot 1 a idx 1...
[2026-03-26 15:34:56] [INFO] EXITO: Slot 1 = idx 1
[2026-03-26 15:34:56] [DEBUG] Estado vistas: S0:idx0âś“ | S1:idx1âś— | S2:idx2âś— | S3:idx3âś“
[2026-03-26 15:34:57] [DEBUG] Estado vistas: S0:idx0âś“ | S1:idx1âś— | S2:idx2âś— | S3:idx3âś“
[2026-03-26 15:34:58] [DEBUG] Estado vistas: S0:idx0âś“ | S1:idx1âś— | S2:idx2âś— | S3:idx3âś“
[2026-03-26 15:34:59] [DEBUG] Estado vistas: S0:idx0âś“ | S1:idx1âś— | S2:idx2âś— | S3:idx3âś“
[2026-03-26 15:35:00] [DEBUG] Estado vistas: S0:idx0âś“ | S1:idx1âś— | S2:idx2âś— | S3:idx3âś“
[2026-03-26 15:35:00] [INFO] Cerrando aplicacion...
